<?xml version="1.0" encoding="UTF-8"?>
<!-- Generated by org.testng.reporters.JUnitXMLReporter -->
<testsuite ignored="0" hostname="DESKTOP-LVPRPVO" failures="0" tests="5" name="Nopackage" time="61.65" errors="0" timestamp="2023-03-30T22:42:41 IST">
  <testcase classname="com.hrms.testscripts.TC002" name="TC002" time="12.417"/>
  <testcase classname="com.hrms.testscripts.TC003" name="TC003" time="11.321"/>
  <testcase classname="com.hrms.testscripts.TC004" name="TC004" time="13.347"/>
  <testcase classname="com.hrms.testscripts.TC005" name="TC005" time="12.008"/>
  <testcase classname="com.hrms.testscripts.TCOO1" name="TC001" time="12.508"/>
</testsuite> <!-- Nopackage -->
