<?xml version="1.0" encoding="UTF-8"?>
<!-- Generated by org.testng.reporters.JUnitXMLReporter -->
<testsuite ignored="0" hostname="DESKTOP-LVPRPVO" failures="0" tests="5" name="Regression1" time="73.875" errors="0" timestamp="2023-04-03T09:46:57 IST">
  <testcase classname="com.hrms.testscripts.TC002" name="TC002" time="17.898"/>
  <testcase classname="com.hrms.testscripts.TC003" name="TC003" time="11.897"/>
  <testcase classname="com.hrms.testscripts.TC004" name="TC004" time="13.764"/>
  <testcase classname="com.hrms.testscripts.TC005" name="TC005" time="17.05"/>
  <testcase classname="com.hrms.testscripts.TCOO1" name="TC001" time="13.167"/>
</testsuite> <!-- Regression1 -->
